<?xml version="1.0" encoding="UTF-8"?>
<!-- Generated by org.testng.reporters.JUnitReportReporter -->
<testsuite skipped="0" hostname="DESKTOP-GMEQI4I" name="com.Craftsvilla.Testscrips.SignUpScripts" tests="1" failures="0" timestamp="08 Sep 2018 15:43:31 GMT" time="9.533" errors="0">
  <testcase name="signUp" time="9.533" classname="com.Craftsvilla.Testscrips.SignUpScripts"/>
</testsuite> <!-- com.Craftsvilla.Testscrips.SignUpScripts -->
